<?xml version="1.0" encoding="UTF-8"?>
<!-- Generated by org.testng.reporters.JUnitReportReporter -->
<testsuite hostname="andy" failures="0" tests="1" name="com.clientbase.dao.ClientRepositoryTest" time="0.161" errors="0" timestamp="2020-08-22T15:34:50 MSK" skipped="0">
  <testcase classname="com.clientbase.dao.ClientRepositoryTest" name="findByFullnameTest" time="0.161"/>
  <system-out/>
</testsuite> <!-- com.clientbase.dao.ClientRepositoryTest -->
